--- Copying files at Fri Oct  2 06:48:40 UTC 2020
--- Copying files at Sat Oct  3 08:42:40 UTC 2020
--- Copying files at Sat Oct  3 12:14:53 UTC 2020
--- Copying files at Sat Oct  3 15:36:25 UTC 2020
--- Copying files at Sun Oct  4 02:30:59 UTC 2020
--- Copying files at Sun Oct  4 08:09:10 UTC 2020
--- Copying files at Sun Oct  4 08:14:22 UTC 2020
--- Copying files at Sun Oct  4 14:28:36 UTC 2020
--- Copying files at Sun Oct  4 15:02:26 UTC 2020
--- Copying files at Mon Oct  5 01:31:43 UTC 2020
--- Copying files at Mon Oct  5 03:49:53 UTC 2020
--- Copying files at Mon Oct  5 13:08:26 UTC 2020
--- Copying files at Mon Oct  5 13:10:03 UTC 2020
--- Copying files at Mon Oct  5 13:13:35 UTC 2020
--- Copying files at Mon Oct  5 13:31:50 UTC 2020
--- Copying files at Mon Oct  5 13:34:08 UTC 2020
--- Copying files at Mon Oct  5 14:05:10 UTC 2020
--- Copying files at Mon Oct  5 14:20:26 UTC 2020
--- Copying files at Mon Oct  5 14:36:09 UTC 2020
--- Copying files at Tue Oct  6 01:59:30 UTC 2020
